slurmstepd: error: execve(): hello_class: No such file or directory
slurmstepd: error: execve(): hello_class: No such file or directory
slurmstepd: error: execve(): hello_class: No such file or directory
slurmstepd: error: execve(): hello_class: No such file or directory
slurmstepd: error: execve(): hello_class: No such file or directory
slurmstepd: error: execve(): hello_class: No such file or directory
slurmstepd: error: execve(): hello_class: No such file or directory
slurmstepd: error: execve(): hello_class: No such file or directory
srun: error: nid002275: tasks 0-7: Exited with exit code 2
srun: Terminating StepId=12868959.0
slurmstepd: error: execve(): hello_class: No such file or directory
slurmstepd: error: execve(): hello_class: No such file or directory
slurmstepd: error: execve(): hello_class: No such file or directory
slurmstepd: error: execve(): hello_class: No such file or directory
slurmstepd: error: execve(): hello_class: No such file or directory
slurmstepd: error: execve(): hello_class: No such file or directory
slurmstepd: error: execve(): hello_class: No such file or directory
slurmstepd: error: execve(): hello_class: No such file or directory
srun: error: nid002276: tasks 8-15: Exited with exit code 2

real	0m2.688s
user	0m0.019s
sys	0m0.019s
