slurmstepd: error: execve(): hello_class: No such file or directory
slurmstepd: error: execve(): hello_class: No such file or directory
slurmstepd: error: execve(): hello_class: No such file or directory
slurmstepd: error: execve(): hello_class: No such file or directory
slurmstepd: error: execve(): hello_class: No such file or directory
slurmstepd: error: execve(): hello_class: No such file or directory
slurmstepd: error: execve(): hello_class: No such file or directory
slurmstepd: error: execve(): hello_class: No such file or directory
srun: error: nid002500: tasks 0-7: Exited with exit code 2
srun: Terminating StepId=12869203.0
slurmstepd: error: execve(): hello_class: No such file or directory
slurmstepd: error: execve(): hello_class: No such file or directory
slurmstepd: error: execve(): hello_class: No such file or directory
slurmstepd: error: execve(): hello_class: No such file or directory
slurmstepd: error: execve(): hello_class: No such file or directory
slurmstepd: error: execve(): hello_class: No such file or directory
slurmstepd: error: execve(): hello_class: No such file or directory
slurmstepd: error: execve(): hello_class: No such file or directory
srun: error: nid002501: tasks 8-15: Exited with exit code 2

real	0m1.367s
user	0m0.014s
sys	0m0.037s
