Hello class from processor nid002275, rank 0 out of 16 processes
Time taken by the process 5.741000e-06
Hello class from processor nid002276, rank 8 out of 16 processes
Time taken by the process 7.444000e-06
Hello class from processor nid002276, rank 9 out of 16 processes
Time taken by the process 1.034000e-05
Hello class from processor nid002275, rank 5 out of 16 processes
Time taken by the process 7.775000e-06
Hello class from processor nid002276, rank 12 out of 16 processes
Time taken by the process 8.967000e-06
Hello class from processor nid002276, rank 15 out of 16 processes
Time taken by the process 8.607000e-06
Hello class from processor nid002276, rank 14 out of 16 processes
Time taken by the process 9.950000e-06
Hello class from processor nid002275, rank 7 out of 16 processes
Time taken by the process 7.955000e-06
Hello class from processor nid002276, rank 10 out of 16 processes
Time taken by the process 7.965000e-06
Hello class from processor nid002275, rank 4 out of 16 processes
Time taken by the process 8.326000e-06
Hello class from processor nid002276, rank 13 out of 16 processes
Time taken by the process 7.535000e-06
Hello class from processor nid002275, rank 3 out of 16 processes
Time taken by the process 8.256000e-06
Hello class from processor nid002275, rank 1 out of 16 processes
Time taken by the process 5.841000e-06
Hello class from processor nid002275, rank 2 out of 16 processes
Time taken by the process 8.075000e-06
Hello class from processor nid002276, rank 11 out of 16 processes
Time taken by the process 7.625000e-06
Hello class from processor nid002275, rank 6 out of 16 processes
Time taken by the process 7.455000e-06

real	0m1.504s
user	0m0.018s
sys	0m0.019s
